<?xml version="1.0" encoding="UTF-8"?>
<!-- Generated by org.testng.reporters.JUnitXMLReporter -->
<testsuite ignored="0" hostname="LIN-GVNV9K3" failures="1" tests="1" name="Default test" time="8.341" errors="0" timestamp="2024-08-03T22:46:29 IST">
  <testcase classname="io.cucumber.testng.AbstractTestNGCucumberTests" name="runScenario" time="7.548">
    <failure type="java.lang.Exception" message="Expected text Total : 130 but actual text is 120">
      <![CDATA[java.lang.Exception: Expected text Total : 130 but actual text is 120
at stepDefinition.Greenkart_StepDefinition.iVerifyOrders(Greenkart_StepDefinition.java:103)
at ✽.I will see the below details(file:///C:/Capgemini/testingRep/src/main/java/features/greenkart.feature:9)
]]>
    </failure>
  </testcase> <!-- runScenario -->
</testsuite> <!-- Default test -->
