<?xml version="1.0" encoding="UTF-8"?>
<testng-results ignored="0" total="1" passed="0" failed="1" skipped="0">
  <reporter-output>
  </reporter-output>
  <suite started-at="2024-08-03T22:46:20 IST" name="Default suite" finished-at="2024-08-03T22:46:29 IST" duration-ms="8341">
    <groups>
      <group name="cucumber">
        <method signature="AbstractTestNGCucumberTests.runScenario(io.cucumber.testng.PickleWrapper,io.cucumber.testng.FeatureWrapper)[pri:0, instance:runnerClass.runner@6c4906d3]" name="runScenario" class="io.cucumber.testng.AbstractTestNGCucumberTests"/>
      </group> <!-- cucumber -->
    </groups>
    <test started-at="2024-08-03T22:46:20 IST" name="Default test" finished-at="2024-08-03T22:46:29 IST" duration-ms="8341">
      <class name="runnerClass.runner">
        <test-method is-config="true" signature="setUpClass(org.testng.ITestContext)[pri:0, instance:runnerClass.runner@6c4906d3]" started-at="2024-08-03T22:46:20 IST" name="setUpClass" finished-at="2024-08-03T22:46:21 IST" duration-ms="471" status="PASS">
          <params>
            <param index="0">
              <value>
                <![CDATA[org.testng.TestRunner@40d10481]]>
              </value>
            </param>
          </params>
          <reporter-output>
          </reporter-output>
        </test-method> <!-- setUpClass -->
        <test-method signature="runScenario(io.cucumber.testng.PickleWrapper,io.cucumber.testng.FeatureWrapper)[pri:0, instance:runnerClass.runner@6c4906d3]" started-at="2024-08-03T22:46:21 IST" name="runScenario" description="Runs Cucumber Scenarios" data-provider="scenarios" finished-at="2024-08-03T22:46:28 IST" duration-ms="7548" status="FAIL">
          <params>
            <param index="0">
              <value>
                <![CDATA["Placing the sample order to specific location"]]>
              </value>
            </param>
            <param index="1">
              <value>
                <![CDATA["Buy products and validating cart"]]>
              </value>
            </param>
          </params>
          <exception class="java.lang.Exception">
            <message>
              <![CDATA[Expected text Total : 130 but actual text is 120]]>
            </message>
            <full-stacktrace>
              <![CDATA[java.lang.Exception: Expected text Total : 130 but actual text is 120
at stepDefinition.Greenkart_StepDefinition.iVerifyOrders(Greenkart_StepDefinition.java:103)
at ✽.I will see the below details(file:///C:/Capgemini/testingRep/src/main/java/features/greenkart.feature:9)
]]>
            </full-stacktrace>
          </exception> <!-- java.lang.Exception -->
          <reporter-output>
          </reporter-output>
        </test-method> <!-- runScenario -->
        <test-method is-config="true" signature="tearDownClass()[pri:0, instance:runnerClass.runner@6c4906d3]" started-at="2024-08-03T22:46:28 IST" name="tearDownClass" finished-at="2024-08-03T22:46:29 IST" duration-ms="277" status="PASS">
          <reporter-output>
          </reporter-output>
        </test-method> <!-- tearDownClass -->
      </class> <!-- runnerClass.runner -->
    </test> <!-- Default test -->
  </suite> <!-- Default suite -->
</testng-results>
