<?xml version="1.0" encoding="UTF-8"?>
<!-- Generated by org.testng.reporters.JUnitReportReporter -->
<testsuite hostname="LIN-GVNV9K3" failures="0" tests="1" name="runnerClass.runner" time="7.548" errors="1" timestamp="2024-08-03T22:46:29 IST" skipped="0">
  <testcase classname="runnerClass.runner" name="runScenario" time="7.548">
    <error message="Expected text Total : 130 but actual text is 120" type="java.lang.Exception">
      <![CDATA[java.lang.Exception: Expected text Total : 130 but actual text is 120
at stepDefinition.Greenkart_StepDefinition.iVerifyOrders(Greenkart_StepDefinition.java:103)
at ✽.I will see the below details(file:///C:/Capgemini/testingRep/src/main/java/features/greenkart.feature:9)
]]>
    </error>
  </testcase> <!-- runScenario -->
</testsuite> <!-- runnerClass.runner -->
